I, [2015-04-16T08:23:34.314533 #2066]  INFO -- Kitchen: -----> Starting Kitchen (v1.3.1)
I, [2015-04-16T08:23:34.430489 #2066]  INFO -- Kitchen: -----> Creating <default-centos-5>...
E, [2015-04-16T08:23:34.471985 #2066] ERROR -- Kitchen: ------Exception-------
E, [2015-04-16T08:23:34.472479 #2066] ERROR -- Kitchen: Class: Kitchen::ActionFailed
E, [2015-04-16T08:23:34.472686 #2066] ERROR -- Kitchen: Message: Failed to complete #create action: [Expected process to exit with [0], but received '1'
---- Begin output of sudo -E docker -H unix:///var/run/docker.sock build - ----
STDOUT: Sending build context to Docker daemon
STDERR: time="2015-04-16T08:23:34Z" level="fatal" msg="Cannot connect to the Docker daemon. Is 'docker -d' running on this host?"
---- End output of sudo -E docker -H unix:///var/run/docker.sock build - ----
Ran sudo -E docker -H unix:///var/run/docker.sock build - returned 1]
E, [2015-04-16T08:23:34.472844 #2066] ERROR -- Kitchen: ---Nested Exception---
E, [2015-04-16T08:23:34.472985 #2066] ERROR -- Kitchen: Class: Kitchen::ShellOut::ShellCommandFailed
E, [2015-04-16T08:23:34.473145 #2066] ERROR -- Kitchen: Message: Expected process to exit with [0], but received '1'
---- Begin output of sudo -E docker -H unix:///var/run/docker.sock build - ----
STDOUT: Sending build context to Docker daemon
STDERR: time="2015-04-16T08:23:34Z" level="fatal" msg="Cannot connect to the Docker daemon. Is 'docker -d' running on this host?"
---- End output of sudo -E docker -H unix:///var/run/docker.sock build - ----
Ran sudo -E docker -H unix:///var/run/docker.sock build - returned 1
E, [2015-04-16T08:23:34.473298 #2066] ERROR -- Kitchen: ------Backtrace-------
E, [2015-04-16T08:23:34.473451 #2066] ERROR -- Kitchen: /home/vagrant/.rbenv/versions/2.2.2/lib/ruby/gems/2.2.0/gems/test-kitchen-1.3.1/lib/kitchen/shell_out.rb:69:in `rescue in run_command'
E, [2015-04-16T08:23:34.473603 #2066] ERROR -- Kitchen: /home/vagrant/.rbenv/versions/2.2.2/lib/ruby/gems/2.2.0/gems/test-kitchen-1.3.1/lib/kitchen/shell_out.rb:59:in `run_command'
E, [2015-04-16T08:23:34.473748 #2066] ERROR -- Kitchen: /home/vagrant/.rbenv/versions/2.2.2/lib/ruby/gems/2.2.0/gems/test-kitchen-1.3.1/lib/kitchen/driver/base.rb:182:in `run_command'
E, [2015-04-16T08:23:34.473872 #2066] ERROR -- Kitchen: /home/vagrant/.rbenv/versions/2.2.2/lib/ruby/gems/2.2.0/gems/kitchen-docker-2.0.0/lib/kitchen/driver/docker.rb:117:in `docker_command'
E, [2015-04-16T08:23:34.474040 #2066] ERROR -- Kitchen: /home/vagrant/.rbenv/versions/2.2.2/lib/ruby/gems/2.2.0/gems/kitchen-docker-2.0.0/lib/kitchen/driver/docker.rb:206:in `build_image'
E, [2015-04-16T08:23:34.474198 #2066] ERROR -- Kitchen: /home/vagrant/.rbenv/versions/2.2.2/lib/ruby/gems/2.2.0/gems/kitchen-docker-2.0.0/lib/kitchen/driver/docker.rb:85:in `create'
E, [2015-04-16T08:23:34.474349 #2066] ERROR -- Kitchen: /home/vagrant/.rbenv/versions/2.2.2/lib/ruby/gems/2.2.0/gems/test-kitchen-1.3.1/lib/kitchen/instance.rb:352:in `public_send'
E, [2015-04-16T08:23:34.474520 #2066] ERROR -- Kitchen: /home/vagrant/.rbenv/versions/2.2.2/lib/ruby/gems/2.2.0/gems/test-kitchen-1.3.1/lib/kitchen/instance.rb:352:in `block in perform_action'
E, [2015-04-16T08:23:34.474691 #2066] ERROR -- Kitchen: /home/vagrant/.rbenv/versions/2.2.2/lib/ruby/gems/2.2.0/gems/test-kitchen-1.3.1/lib/kitchen/instance.rb:416:in `call'
E, [2015-04-16T08:23:34.474825 #2066] ERROR -- Kitchen: /home/vagrant/.rbenv/versions/2.2.2/lib/ruby/gems/2.2.0/gems/test-kitchen-1.3.1/lib/kitchen/instance.rb:416:in `synchronize_or_call'
E, [2015-04-16T08:23:34.474946 #2066] ERROR -- Kitchen: /home/vagrant/.rbenv/versions/2.2.2/lib/ruby/gems/2.2.0/gems/test-kitchen-1.3.1/lib/kitchen/instance.rb:381:in `block in action'
E, [2015-04-16T08:23:34.475046 #2066] ERROR -- Kitchen: /home/vagrant/.rbenv/versions/2.2.2/lib/ruby/2.2.0/benchmark.rb:288:in `measure'
E, [2015-04-16T08:23:34.475169 #2066] ERROR -- Kitchen: /home/vagrant/.rbenv/versions/2.2.2/lib/ruby/gems/2.2.0/gems/test-kitchen-1.3.1/lib/kitchen/instance.rb:380:in `action'
E, [2015-04-16T08:23:34.475299 #2066] ERROR -- Kitchen: /home/vagrant/.rbenv/versions/2.2.2/lib/ruby/gems/2.2.0/gems/test-kitchen-1.3.1/lib/kitchen/instance.rb:352:in `perform_action'
E, [2015-04-16T08:23:34.475543 #2066] ERROR -- Kitchen: /home/vagrant/.rbenv/versions/2.2.2/lib/ruby/gems/2.2.0/gems/test-kitchen-1.3.1/lib/kitchen/instance.rb:303:in `create_action'
E, [2015-04-16T08:23:34.475692 #2066] ERROR -- Kitchen: /home/vagrant/.rbenv/versions/2.2.2/lib/ruby/gems/2.2.0/gems/test-kitchen-1.3.1/lib/kitchen/instance.rb:292:in `block in transition_to'
E, [2015-04-16T08:23:34.475797 #2066] ERROR -- Kitchen: /home/vagrant/.rbenv/versions/2.2.2/lib/ruby/gems/2.2.0/gems/test-kitchen-1.3.1/lib/kitchen/instance.rb:291:in `each'
E, [2015-04-16T08:23:34.475926 #2066] ERROR -- Kitchen: /home/vagrant/.rbenv/versions/2.2.2/lib/ruby/gems/2.2.0/gems/test-kitchen-1.3.1/lib/kitchen/instance.rb:291:in `transition_to'
E, [2015-04-16T08:23:34.476042 #2066] ERROR -- Kitchen: /home/vagrant/.rbenv/versions/2.2.2/lib/ruby/gems/2.2.0/gems/test-kitchen-1.3.1/lib/kitchen/instance.rb:130:in `converge'
E, [2015-04-16T08:23:34.476157 #2066] ERROR -- Kitchen: /home/vagrant/.rbenv/versions/2.2.2/lib/ruby/gems/2.2.0/gems/test-kitchen-1.3.1/lib/kitchen/command.rb:176:in `public_send'
E, [2015-04-16T08:23:34.476281 #2066] ERROR -- Kitchen: /home/vagrant/.rbenv/versions/2.2.2/lib/ruby/gems/2.2.0/gems/test-kitchen-1.3.1/lib/kitchen/command.rb:176:in `block (2 levels) in run_action'
E, [2015-04-16T08:23:34.476384 #2066] ERROR -- Kitchen: ----------------------
I, [2015-04-16T08:25:49.824657 #2239]  INFO -- Kitchen: -----> Starting Kitchen (v1.3.1)
I, [2015-04-16T08:25:49.904278 #2239]  INFO -- Kitchen: -----> Creating <default-centos-5>...
E, [2015-04-16T08:25:49.945752 #2239] ERROR -- Kitchen: ------Exception-------
E, [2015-04-16T08:25:49.945882 #2239] ERROR -- Kitchen: Class: Kitchen::ActionFailed
E, [2015-04-16T08:25:49.946178 #2239] ERROR -- Kitchen: Message: Failed to complete #create action: [Expected process to exit with [0], but received '1'
---- Begin output of sudo -E docker -H unix:///var/run/docker.sock build - ----
STDOUT: Sending build context to Docker daemon
STDERR: time="2015-04-16T08:25:49Z" level="fatal" msg="Cannot connect to the Docker daemon. Is 'docker -d' running on this host?"
---- End output of sudo -E docker -H unix:///var/run/docker.sock build - ----
Ran sudo -E docker -H unix:///var/run/docker.sock build - returned 1]
E, [2015-04-16T08:25:49.946420 #2239] ERROR -- Kitchen: ---Nested Exception---
E, [2015-04-16T08:25:49.946584 #2239] ERROR -- Kitchen: Class: Kitchen::ShellOut::ShellCommandFailed
E, [2015-04-16T08:25:49.946689 #2239] ERROR -- Kitchen: Message: Expected process to exit with [0], but received '1'
---- Begin output of sudo -E docker -H unix:///var/run/docker.sock build - ----
STDOUT: Sending build context to Docker daemon
STDERR: time="2015-04-16T08:25:49Z" level="fatal" msg="Cannot connect to the Docker daemon. Is 'docker -d' running on this host?"
---- End output of sudo -E docker -H unix:///var/run/docker.sock build - ----
Ran sudo -E docker -H unix:///var/run/docker.sock build - returned 1
E, [2015-04-16T08:25:49.946817 #2239] ERROR -- Kitchen: ------Backtrace-------
E, [2015-04-16T08:25:49.946938 #2239] ERROR -- Kitchen: /home/vagrant/.rbenv/versions/2.2.2/lib/ruby/gems/2.2.0/gems/test-kitchen-1.3.1/lib/kitchen/shell_out.rb:69:in `rescue in run_command'
E, [2015-04-16T08:25:49.947088 #2239] ERROR -- Kitchen: /home/vagrant/.rbenv/versions/2.2.2/lib/ruby/gems/2.2.0/gems/test-kitchen-1.3.1/lib/kitchen/shell_out.rb:59:in `run_command'
E, [2015-04-16T08:25:49.947226 #2239] ERROR -- Kitchen: /home/vagrant/.rbenv/versions/2.2.2/lib/ruby/gems/2.2.0/gems/test-kitchen-1.3.1/lib/kitchen/driver/base.rb:182:in `run_command'
E, [2015-04-16T08:25:49.947399 #2239] ERROR -- Kitchen: /home/vagrant/.rbenv/versions/2.2.2/lib/ruby/gems/2.2.0/gems/kitchen-docker-2.0.0/lib/kitchen/driver/docker.rb:117:in `docker_command'
E, [2015-04-16T08:25:49.947562 #2239] ERROR -- Kitchen: /home/vagrant/.rbenv/versions/2.2.2/lib/ruby/gems/2.2.0/gems/kitchen-docker-2.0.0/lib/kitchen/driver/docker.rb:206:in `build_image'
E, [2015-04-16T08:25:49.947867 #2239] ERROR -- Kitchen: /home/vagrant/.rbenv/versions/2.2.2/lib/ruby/gems/2.2.0/gems/kitchen-docker-2.0.0/lib/kitchen/driver/docker.rb:85:in `create'
E, [2015-04-16T08:25:49.948005 #2239] ERROR -- Kitchen: /home/vagrant/.rbenv/versions/2.2.2/lib/ruby/gems/2.2.0/gems/test-kitchen-1.3.1/lib/kitchen/instance.rb:352:in `public_send'
E, [2015-04-16T08:25:49.948142 #2239] ERROR -- Kitchen: /home/vagrant/.rbenv/versions/2.2.2/lib/ruby/gems/2.2.0/gems/test-kitchen-1.3.1/lib/kitchen/instance.rb:352:in `block in perform_action'
E, [2015-04-16T08:25:49.948441 #2239] ERROR -- Kitchen: /home/vagrant/.rbenv/versions/2.2.2/lib/ruby/gems/2.2.0/gems/test-kitchen-1.3.1/lib/kitchen/instance.rb:416:in `call'
E, [2015-04-16T08:25:49.948577 #2239] ERROR -- Kitchen: /home/vagrant/.rbenv/versions/2.2.2/lib/ruby/gems/2.2.0/gems/test-kitchen-1.3.1/lib/kitchen/instance.rb:416:in `synchronize_or_call'
E, [2015-04-16T08:25:49.948707 #2239] ERROR -- Kitchen: /home/vagrant/.rbenv/versions/2.2.2/lib/ruby/gems/2.2.0/gems/test-kitchen-1.3.1/lib/kitchen/instance.rb:381:in `block in action'
E, [2015-04-16T08:25:49.948844 #2239] ERROR -- Kitchen: /home/vagrant/.rbenv/versions/2.2.2/lib/ruby/2.2.0/benchmark.rb:288:in `measure'
E, [2015-04-16T08:25:49.948980 #2239] ERROR -- Kitchen: /home/vagrant/.rbenv/versions/2.2.2/lib/ruby/gems/2.2.0/gems/test-kitchen-1.3.1/lib/kitchen/instance.rb:380:in `action'
E, [2015-04-16T08:25:49.949133 #2239] ERROR -- Kitchen: /home/vagrant/.rbenv/versions/2.2.2/lib/ruby/gems/2.2.0/gems/test-kitchen-1.3.1/lib/kitchen/instance.rb:352:in `perform_action'
E, [2015-04-16T08:25:49.949273 #2239] ERROR -- Kitchen: /home/vagrant/.rbenv/versions/2.2.2/lib/ruby/gems/2.2.0/gems/test-kitchen-1.3.1/lib/kitchen/instance.rb:303:in `create_action'
E, [2015-04-16T08:25:49.949391 #2239] ERROR -- Kitchen: /home/vagrant/.rbenv/versions/2.2.2/lib/ruby/gems/2.2.0/gems/test-kitchen-1.3.1/lib/kitchen/instance.rb:292:in `block in transition_to'
E, [2015-04-16T08:25:49.949670 #2239] ERROR -- Kitchen: /home/vagrant/.rbenv/versions/2.2.2/lib/ruby/gems/2.2.0/gems/test-kitchen-1.3.1/lib/kitchen/instance.rb:291:in `each'
E, [2015-04-16T08:25:49.950025 #2239] ERROR -- Kitchen: /home/vagrant/.rbenv/versions/2.2.2/lib/ruby/gems/2.2.0/gems/test-kitchen-1.3.1/lib/kitchen/instance.rb:291:in `transition_to'
E, [2015-04-16T08:25:49.950265 #2239] ERROR -- Kitchen: /home/vagrant/.rbenv/versions/2.2.2/lib/ruby/gems/2.2.0/gems/test-kitchen-1.3.1/lib/kitchen/instance.rb:130:in `converge'
E, [2015-04-16T08:25:49.950570 #2239] ERROR -- Kitchen: /home/vagrant/.rbenv/versions/2.2.2/lib/ruby/gems/2.2.0/gems/test-kitchen-1.3.1/lib/kitchen/command.rb:176:in `public_send'
E, [2015-04-16T08:25:49.950869 #2239] ERROR -- Kitchen: /home/vagrant/.rbenv/versions/2.2.2/lib/ruby/gems/2.2.0/gems/test-kitchen-1.3.1/lib/kitchen/command.rb:176:in `block (2 levels) in run_action'
E, [2015-04-16T08:25:49.951147 #2239] ERROR -- Kitchen: ----------------------
I, [2015-04-16T08:30:48.803816 #2708]  INFO -- Kitchen: -----> Starting Kitchen (v1.3.1)
I, [2015-04-16T08:30:48.935369 #2708]  INFO -- Kitchen: -----> Creating <default-centos-5>...
I, [2015-04-16T09:38:56.600988 #2709]  INFO -- Kitchen: -----> Starting Kitchen (v1.3.1)
I, [2015-04-16T09:38:56.724887 #2709]  INFO -- Kitchen: -----> Creating <default-centos-5>...
I, [2015-04-16T09:50:16.347054 #2693]  INFO -- Kitchen: -----> Starting Kitchen (v1.3.1)
I, [2015-04-16T09:50:16.442971 #2693]  INFO -- Kitchen: -----> Destroying <default-centos-5>...
I, [2015-04-16T09:50:16.453151 #2693]  INFO -- Kitchen: -----> Destroying <default-centos-6>...
I, [2015-04-16T09:50:16.461589 #2693]  INFO -- Kitchen: -----> Kitchen is finished. (0m0.11s)
I, [2015-04-16T09:50:26.401794 #2734]  INFO -- Kitchen: -----> Starting Kitchen (v1.3.1)
I, [2015-04-16T09:50:26.479433 #2734]  INFO -- Kitchen: -----> Creating <default-centos-5>...
I, [2015-04-16T12:14:27.876923 #2844]  INFO -- Kitchen: -----> Starting Kitchen (v1.3.1)
I, [2015-04-16T12:14:27.984974 #2844]  INFO -- Kitchen: -----> Destroying <default-centos-5>...
I, [2015-04-16T12:14:27.995487 #2844]  INFO -- Kitchen: -----> Destroying <default-centos-6>...
I, [2015-04-16T12:14:28.004775 #2844]  INFO -- Kitchen: -----> Kitchen is finished. (0m0.13s)
I, [2015-04-16T12:15:14.614403 #2974]  INFO -- Kitchen: -----> Starting Kitchen (v1.3.1)
I, [2015-04-16T12:15:14.684387 #2974]  INFO -- Kitchen: -----> Creating <default-centos-5>...
